Removed Pin From Net: NetName=+3V3 Pin=C107-1
Removed Pin From Net: NetName=+3V3 Pin=C200-1
Removed Pin From Net: NetName=+3V3 Pin=C201-1
Removed Pin From Net: NetName=+3V3 Pin=C202-1
Removed Pin From Net: NetName=+3V3 Pin=C203-1
Removed Pin From Net: NetName=+3V3 Pin=C204-1
Removed Pin From Net: NetName=+3V3 Pin=C205-1
Removed Pin From Net: NetName=+3V3 Pin=C206-1
Removed Pin From Net: NetName=+3V3 Pin=C207-1
Removed Pin From Net: NetName=+3V3 Pin=C220-1
Removed Pin From Net: NetName=+3V3 Pin=C223-1
Removed Pin From Net: NetName=+3V3 Pin=C224-1
Removed Pin From Net: NetName=+3V3 Pin=C225-1
Removed Pin From Net: NetName=+3V3 Pin=C226-1
Removed Pin From Net: NetName=+3V3 Pin=C227-1
Removed Pin From Net: NetName=+3V3 Pin=C228-1
Removed Pin From Net: NetName=+3V3 Pin=C229-1
Removed Pin From Net: NetName=+3V3 Pin=C301-1
Removed Pin From Net: NetName=+3V3 Pin=C302-1
Removed Pin From Net: NetName=+3V3 Pin=C305-1
Removed Pin From Net: NetName=+3V3 Pin=C308-1
Removed Pin From Net: NetName=+3V3 Pin=D102-2
Removed Pin From Net: NetName=+3V3 Pin=IC200-8
Removed Pin From Net: NetName=+3V3 Pin=IC201-8
Removed Pin From Net: NetName=+3V3 Pin=IC300-22
Removed Pin From Net: NetName=+3V3 Pin=IC300-23
Removed Pin From Net: NetName=+3V3 Pin=IC301-15
Removed Pin From Net: NetName=+3V3 Pin=J202-3
Removed Pin From Net: NetName=+3V3 Pin=J301-1
Removed Pin From Net: NetName=+3V3 Pin=L200-1
Removed Pin From Net: NetName=+3V3 Pin=L201-1
Removed Pin From Net: NetName=+3V3 Pin=R200-1
Removed Pin From Net: NetName=+3V3 Pin=R204-2
Removed Pin From Net: NetName=+3V3 Pin=R205-2
Removed Pin From Net: NetName=+3V3 Pin=R206-2
Removed Pin From Net: NetName=+3V3 Pin=R207-2
Removed Pin From Net: NetName=+3V3 Pin=R208-2
Removed Pin From Net: NetName=+3V3 Pin=R209-2
Removed Pin From Net: NetName=+3V3 Pin=R301-1
Removed Pin From Net: NetName=+3V3 Pin=SW200-1
Removed Pin From Net: NetName=+3V3 Pin=U101-2
Removed Pin From Net: NetName=+3V3 Pin=U101-4
Removed Pin From Net: NetName=+3V3 Pin=U200-6
Removed Pin From Net: NetName=+3V3 Pin=U200-11
Removed Pin From Net: NetName=+3V3 Pin=U200-27
Removed Pin From Net: NetName=+3V3 Pin=U200-50
Removed Pin From Net: NetName=+3V3 Pin=U200-75
Removed Pin From Net: NetName=+3V3 Pin=U200-100
Removed Pin From Net: NetName=+3V3 Pin=U202-8
Removed Pin From Net: NetName=+3V3 Pin=U202-13
Removed Pin From Net: NetName=+3V3 Pin=U203-1
Removed Pin From Net: NetName=+3V3 Pin=U203-10
Removed Pin From Net: NetName=+3V3 Pin=U204-4
Removed Pin From Net: NetName=+3V3 Pin=U205-4
Removed Pin From Net: NetName=+3V3 Pin=Y200-4
Removed Pin From Net: NetName=+3V3 Pin=Y300-4
Change Net Name : Old Net Name=+3V3 New Net Name=GND
Added Pin To Net: NetName=+3V3 Pin=C107-1
Added Pin To Net: NetName=+3V3 Pin=C200-1
Added Pin To Net: NetName=+3V3 Pin=C201-1
Added Pin To Net: NetName=+3V3 Pin=C202-1
Added Pin To Net: NetName=+3V3 Pin=C203-1
Added Pin To Net: NetName=+3V3 Pin=C204-1
Added Pin To Net: NetName=+3V3 Pin=C205-1
Added Pin To Net: NetName=+3V3 Pin=C206-1
Added Pin To Net: NetName=+3V3 Pin=C207-1
Added Pin To Net: NetName=+3V3 Pin=C220-1
Added Pin To Net: NetName=+3V3 Pin=C223-1
Added Pin To Net: NetName=+3V3 Pin=C224-1
Added Pin To Net: NetName=+3V3 Pin=C225-1
Added Pin To Net: NetName=+3V3 Pin=C226-1
Added Pin To Net: NetName=+3V3 Pin=C227-1
Added Pin To Net: NetName=+3V3 Pin=C228-1
Added Pin To Net: NetName=+3V3 Pin=C229-1
Added Pin To Net: NetName=+3V3 Pin=C301-1
Added Pin To Net: NetName=+3V3 Pin=C302-1
Added Pin To Net: NetName=+3V3 Pin=C305-1
Added Pin To Net: NetName=+3V3 Pin=C308-1
Added Pin To Net: NetName=+3V3 Pin=D102-2
Added Pin To Net: NetName=+3V3 Pin=IC200-8
Added Pin To Net: NetName=+3V3 Pin=IC201-8
Added Pin To Net: NetName=+3V3 Pin=IC300-22
Added Pin To Net: NetName=+3V3 Pin=IC300-23
Added Pin To Net: NetName=+3V3 Pin=IC301-15
Added Pin To Net: NetName=+3V3 Pin=J202-3
Added Pin To Net: NetName=+3V3 Pin=L200-1
Added Pin To Net: NetName=+3V3 Pin=L201-1
Added Pin To Net: NetName=+3V3 Pin=R200-1
Added Pin To Net: NetName=+3V3 Pin=R204-2
Added Pin To Net: NetName=+3V3 Pin=R205-2
Added Pin To Net: NetName=+3V3 Pin=R206-2
Added Pin To Net: NetName=+3V3 Pin=R207-2
Added Pin To Net: NetName=+3V3 Pin=R208-2
Added Pin To Net: NetName=+3V3 Pin=R209-2
Added Pin To Net: NetName=+3V3 Pin=R301-1
Added Pin To Net: NetName=+3V3 Pin=SW200-1
Added Pin To Net: NetName=+3V3 Pin=U101-2
Added Pin To Net: NetName=+3V3 Pin=U101-4
Added Pin To Net: NetName=+3V3 Pin=U200-6
Added Pin To Net: NetName=+3V3 Pin=U200-11
Added Pin To Net: NetName=+3V3 Pin=U200-27
Added Pin To Net: NetName=+3V3 Pin=U200-50
Added Pin To Net: NetName=+3V3 Pin=U200-75
Added Pin To Net: NetName=+3V3 Pin=U200-100
Added Pin To Net: NetName=+3V3 Pin=U202-8
Added Pin To Net: NetName=+3V3 Pin=U202-13
Added Pin To Net: NetName=+3V3 Pin=U203-1
Added Pin To Net: NetName=+3V3 Pin=U203-10
Added Pin To Net: NetName=+3V3 Pin=U204-4
Added Pin To Net: NetName=+3V3 Pin=U205-4
Added Pin To Net: NetName=+3V3 Pin=Y200-4
Added Pin To Net: NetName=+3V3 Pin=Y300-4
Added Net: Name=+3V3
Added Room: Name=U_Power
