Removed Pin From Net: NetName=5V_VBUS_Filtered Pin=C215-1
Removed Pin From Net: NetName=GND Pin=C215-2
Removed Pin From Net: NetName=5V_VBUS_Filtered Pin=C216-1
Removed Pin From Net: NetName=GND Pin=C216-2
Removed Pin From Net: NetName=GND Pin=C217-2
Removed Pin From Net: NetName=GND Pin=C218-2
Removed Pin From Net: NetName=5V_VBUS_Filtered Pin=C219-1
Removed Pin From Net: NetName=GND Pin=C219-2
Removed Pin From Net: NetName=GND Pin=D201-2
Removed Pin From Net: NetName=5V_VBUS_Filtered Pin=FB200-2
Removed Pin From Net: NetName=GND Pin=J200-5
Removed Pin From Net: NetName=GND Pin=R203-1
Removed Pin From Net: NetName=5V_VBUS_Filtered Pin=U201-4
Removed Pin From Net: NetName=GND Pin=U201-5
Removed Pin From Net: NetName=UART4_RX Pin=U201-7
Removed Pin From Net: NetName=UART4_TX Pin=U201-10
Removed Pin From Net: NetName=GND Pin=U201-13
Removed Member From Class: ClassName=U_MCU_Data_collector Member=C215
Removed Member From Class: ClassName=U_MCU_Data_collector Member=C216
Removed Member From Class: ClassName=U_MCU_Data_collector Member=C217
Removed Member From Class: ClassName=U_MCU_Data_collector Member=C218
Removed Member From Class: ClassName=U_MCU_Data_collector Member=C219
Removed Member From Class: ClassName=U_MCU_Data_collector Member=D201
Removed Member From Class: ClassName=U_MCU_Data_collector Member=D202
Removed Member From Class: ClassName=U_MCU_Data_collector Member=FB200
Removed Member From Class: ClassName=U_MCU_Data_collector Member=J200
Removed Member From Class: ClassName=U_MCU_Data_collector Member=R203
Removed Member From Class: ClassName=U_MCU_Data_collector Member=U201
