Change Component Designator: Old Designator=C? New Designator=C100
Change Component Designator: Old Designator=C? New Designator=C101
Change Component Designator: Old Designator=C? New Designator=C102
Change Component Designator: Old Designator=C? New Designator=C103
Change Component Designator: Old Designator=C? New Designator=C104
Change Component Designator: Old Designator=C? New Designator=C105
Change Component Designator: Old Designator=C? New Designator=C106
Change Component Designator: Old Designator=C? New Designator=C107
Change Component Designator: Old Designator=D? New Designator=D100
Change Component Designator: Old Designator=D? New Designator=D101
Change Component Designator: Old Designator=D? New Designator=D102
Change Component Designator: Old Designator=D? New Designator=D103
Change Component Designator: Old Designator=F? New Designator=F100
Change Component Designator: Old Designator=FB? New Designator=FB100
Change Component Designator: Old Designator=L? New Designator=L100
Change Component Designator: Old Designator=R? New Designator=R100
Change Component Designator: Old Designator=R? New Designator=R101
Change Component Designator: Old Designator=R? New Designator=R102
Change Component Designator: Old Designator=R? New Designator=R103
Change Component Designator: Old Designator=U? New Designator=U100
Change Component Designator: Old Designator=U? New Designator=U101
