Change Component Designator: Old Designator=C? New Designator=C300
Change Component Designator: Old Designator=C? New Designator=C301
Change Component Designator: Old Designator=C? New Designator=C302
Change Component Designator: Old Designator=C? New Designator=C303
Change Component Designator: Old Designator=C? New Designator=C304
Change Component Designator: Old Designator=C? New Designator=C305
Change Component Designator: Old Designator=C? New Designator=C306
Change Component Designator: Old Designator=C? New Designator=C307
Change Component Designator: Old Designator=C? New Designator=C308
Change Component Designator: Old Designator=C? New Designator=C309
Change Component Designator: Old Designator=FL? New Designator=FL300
Change Component Designator: Old Designator=IC? New Designator=IC300
Change Component Designator: Old Designator=IC? New Designator=IC301
Change Component Designator: Old Designator=J? New Designator=J300
Change Component Designator: Old Designator=J? New Designator=J301
Change Component Designator: Old Designator=L? New Designator=L300
Change Component Designator: Old Designator=L? New Designator=L301
Change Component Designator: Old Designator=R? New Designator=R300
Change Component Designator: Old Designator=R? New Designator=R301
Change Component Designator: Old Designator=Y? New Designator=Y300
